<?xml version="1.0" encoding="UTF-8"?>
<!-- Generated by org.testng.reporters.JUnitReportReporter -->
<testsuite hostname="LAPTOP-62KJU3VU" failures="0" tests="6" name="com.orangehrm.tests.OrangeHRM_All_Modules" time="85.526" errors="0" timestamp="2025-09-07T18:37:28 IST" skipped="0">
  <testcase classname="com.orangehrm.tests.OrangeHRM_All_Modules" name="addEmployeeAndEditPersonalDetails" time="17.741"/>
  <testcase classname="com.orangehrm.tests.OrangeHRM_All_Modules" name="addUserTest" time="14.741"/>
  <testcase classname="com.orangehrm.tests.OrangeHRM_All_Modules" name="employeeTimesheetFlowTest" time="13.393"/>
  <testcase classname="com.orangehrm.tests.OrangeHRM_All_Modules" name="addUserTest" time="14.268"/>
  <testcase classname="com.orangehrm.tests.OrangeHRM_All_Modules" name="loginTest" time="9.663"/>
  <testcase classname="com.orangehrm.tests.OrangeHRM_All_Modules" name="assignLeaveFlowTest" time="15.720"/>
</testsuite> <!-- com.orangehrm.tests.OrangeHRM_All_Modules -->
