<?xml version="1.0" encoding="UTF-8"?>
<!-- Generated by org.testng.reporters.JUnitReportReporter -->
<testsuite hostname="LAPTOP-62KJU3VU" failures="0" tests="6" name="com.orangehrm.tests.LoginOrangeHRM" time="90.972" errors="0" timestamp="2025-09-07T17:28:38 IST" skipped="0">
  <testcase classname="com.orangehrm.tests.LoginOrangeHRM" name="addEmployeeAndEditPersonalDetails" time="18.313"/>
  <testcase classname="com.orangehrm.tests.LoginOrangeHRM" name="loginTest" time="10.861"/>
  <testcase classname="com.orangehrm.tests.LoginOrangeHRM" name="assignLeaveFlowTest" time="17.101"/>
  <testcase classname="com.orangehrm.tests.LoginOrangeHRM" name="addUserTest" time="13.558"/>
  <testcase classname="com.orangehrm.tests.LoginOrangeHRM" name="addUserTest" time="14.014"/>
  <testcase classname="com.orangehrm.tests.LoginOrangeHRM" name="employeeTimesheetFlowTest" time="17.125"/>
</testsuite> <!-- com.orangehrm.tests.LoginOrangeHRM -->
