<?xml version="1.0" encoding="UTF-8"?>
<!-- Generated by org.testng.reporters.JUnitReportReporter -->
<testsuite hostname="LAPTOP-62KJU3VU" failures="0" tests="1" name="com.orangehrm.tests.LeaveOrangeHRM" time="16.298" errors="0" timestamp="2025-09-07T17:24:32 IST" skipped="0">
  <testcase classname="com.orangehrm.tests.LeaveOrangeHRM" name="assignLeaveFlowTest" time="16.298"/>
</testsuite> <!-- com.orangehrm.tests.LeaveOrangeHRM -->
