<?xml version="1.0" encoding="UTF-8"?>
<!-- Generated by org.testng.reporters.JUnitReportReporter -->
<testsuite hostname="LAPTOP-62KJU3VU" failures="0" tests="1" name="com.orangehrm.tests.TimeOrangeHRM" time="14.649" errors="0" timestamp="2025-09-07T16:20:39 IST" skipped="0">
  <testcase classname="com.orangehrm.tests.TimeOrangeHRM" name="employeeTimesheetFlowTest" time="14.649"/>
</testsuite> <!-- com.orangehrm.tests.TimeOrangeHRM -->
