<?xml version="1.0" encoding="UTF-8"?>
<!-- Generated by org.testng.reporters.JUnitReportReporter -->
<testsuite hostname="LAPTOP-62KJU3VU" failures="0" tests="6" name="com.orangehrm.tests.OrangeHRM_All_Modules" time="103.496" errors="0" timestamp="2025-09-08T12:42:26 IST" skipped="0">
  <testcase classname="com.orangehrm.tests.OrangeHRM_All_Modules" name="addEmployeeAndEditPersonalDetails" time="19.712"/>
  <testcase classname="com.orangehrm.tests.OrangeHRM_All_Modules" name="addUserTest" time="17.393"/>
  <testcase classname="com.orangehrm.tests.OrangeHRM_All_Modules" name="assignLeaveFlowTest" time="17.703"/>
  <testcase classname="com.orangehrm.tests.OrangeHRM_All_Modules" name="loginTest" time="10.037"/>
  <testcase classname="com.orangehrm.tests.OrangeHRM_All_Modules" name="addUserTest" time="20.454"/>
  <testcase classname="com.orangehrm.tests.OrangeHRM_All_Modules" name="employeeTimesheetFlowTest" time="18.197"/>
</testsuite> <!-- com.orangehrm.tests.OrangeHRM_All_Modules -->
