<?xml version="1.0" encoding="UTF-8"?>
<!-- Generated by org.testng.reporters.JUnitReportReporter -->
<testsuite hostname="LAPTOP-62KJU3VU" failures="0" tests="1" name="com.orangehrm.tests.PIM_OrangeHRM" time="21.574" errors="0" timestamp="2025-09-06T22:53:37 IST" skipped="0">
  <testcase classname="com.orangehrm.tests.PIM_OrangeHRM" name="addEmployeeAndEditPersonalDetails" time="21.574"/>
</testsuite> <!-- com.orangehrm.tests.PIM_OrangeHRM -->
