<?xml version="1.0" encoding="UTF-8"?>
<!-- Generated by org.testng.reporters.JUnitReportReporter -->
<testsuite hostname="LAPTOP-62KJU3VU" failures="0" tests="4" name="com.orangehrm.tests.LoginOrangeHRM" time="57.782" errors="0" timestamp="2025-09-07T12:09:44 IST" skipped="0">
  <testcase classname="com.orangehrm.tests.LoginOrangeHRM" name="addEmployeeAndEditPersonalDetails" time="19.199"/>
  <testcase classname="com.orangehrm.tests.LoginOrangeHRM" name="addUserTest" time="14.721"/>
  <testcase classname="com.orangehrm.tests.LoginOrangeHRM" name="loginTest" time="9.311"/>
  <testcase classname="com.orangehrm.tests.LoginOrangeHRM" name="addUserTest" time="14.551"/>
</testsuite> <!-- com.orangehrm.tests.LoginOrangeHRM -->
